<?xml version="1.0" encoding="UTF-8"?>
<testsuite xmlns:xsi="http://www.w3.org/2001/XMLSchema-instance" xsi:noNamespaceSchemaLocation="https://maven.apache.org/surefire/maven-surefire-plugin/xsd/surefire-test-report.xsd" name="testRunner.TestRunner" time="20.867" tests="2" errors="0" skipped="0" failures="0">
  <properties>
[...]
</properties>
  <testcase name="Perform Global Search with baby toys" classname="As a User i want to verify basic search operation works in FirstCry Website" time="9.334"/>
  <testcase name="Perform Global Search with girl toys" classname="As a User i want to verify basic search operation works in FirstCry Website" time="9.2"/>
</testsuite>